<?xml version="1.0" encoding="UTF-8"?>
<!-- Generated by org.testng.reporters.JUnitXMLReporter -->
<testsuite ignored="0" hostname="DESKTOP-DHUA80M" failures="0" tests="6" name="Test" time="83.829" errors="0" timestamp="2021-11-30T21:04:01 EST">
  <testcase classname="TestNg.Validate_PageTitle" name="validate_Title" time="16.146"/>
  <testcase classname="TestNg.Validate_PageTitle" name="validate_Url" time="13.615"/>
  <testcase classname="TestNg.Annotation" name="Google" time="10.324"/>
  <testcase classname="TestNg.Annotation" name="Amazon" time="8.783"/>
  <testcase classname="TestNg.Priority" name="Google" time="12.474"/>
  <testcase classname="TestNg.Priority" name="Amazon" time="20.346"/>
</testsuite> <!-- Test -->
