<?xml version="1.0" encoding="UTF-8"?>
<!-- Generated by org.testng.reporters.JUnitXMLReporter -->
<testsuite ignored="0" hostname="DESKTOP-DHUA80M" failures="0" tests="3" name="Test" time="33.173" errors="0" timestamp="2021-12-10T00:21:02 EST">
  <testcase classname="Assignments.Validation_Assert_Soft_Ass17" name="SoftAssert" time="14.968"/>
  <testcase classname="Assignments.Validation_Assert_Soft_Ass17" name="HardAssert" time="2.702"/>
  <testcase classname="Assignments.TestSuite_Ass18" name="Open_Url" time="11.046"/>
</testsuite> <!-- Test -->
