<?xml version="1.0" encoding="UTF-8"?>
<testng-results ignored="0" total="2" passed="2" failed="0" skipped="0">
  <reporter-output>
  </reporter-output>
  <suite started-at="2021-12-18T10:27:28 EST" name="Default suite" finished-at="2021-12-18T10:27:49 EST" duration-ms="20963">
    <groups>
    </groups>
    <test started-at="2021-12-18T10:27:28 EST" name="Default test" finished-at="2021-12-18T10:27:49 EST" duration-ms="20963">
      <class name="TestNg.Annotation">
        <test-method is-config="true" signature="LaunchingBrowser()[pri:0, instance:TestNg.Annotation@1de76cc7]" started-at="2021-12-18T10:27:28 EST" name="LaunchingBrowser" finished-at="2021-12-18T10:27:30 EST" duration-ms="1981" status="PASS">
          <reporter-output>
          </reporter-output>
        </test-method> <!-- LaunchingBrowser -->
        <test-method signature="Google()[pri:0, instance:TestNg.Annotation@1de76cc7]" started-at="2021-12-18T10:27:30 EST" name="Google" finished-at="2021-12-18T10:27:41 EST" duration-ms="11378" status="PASS">
          <reporter-output>
          </reporter-output>
        </test-method> <!-- Google -->
        <test-method signature="Amazon()[pri:2, instance:TestNg.Annotation@1de76cc7]" started-at="2021-12-18T10:27:41 EST" name="Amazon" finished-at="2021-12-18T10:27:47 EST" duration-ms="6100" status="PASS">
          <reporter-output>
          </reporter-output>
        </test-method> <!-- Amazon -->
        <test-method is-config="true" signature="ClosingBrowser()[pri:0, instance:TestNg.Annotation@1de76cc7]" started-at="2021-12-18T10:27:47 EST" name="ClosingBrowser" finished-at="2021-12-18T10:27:49 EST" duration-ms="1455" status="PASS">
          <reporter-output>
          </reporter-output>
        </test-method> <!-- ClosingBrowser -->
      </class> <!-- TestNg.Annotation -->
    </test> <!-- Default test -->
  </suite> <!-- Default suite -->
</testng-results>
